<?xml version="1.0" encoding="UTF-8"?>
<!-- Generated by org.testng.reporters.JUnitXMLReporter -->
<testsuite hostname="DESKTOP-EHOSC66" name="Default test" tests="6" failures="0" timestamp="22 Oct 2020 00:41:07 GMT" time="97.106" errors="0">
  <testcase name="addUser_TC001" time="8.755" classname="com.caci.hrms.testcases.addUserTest"/>
  <testcase name="addUser_TC001" time="8.726" classname="com.caci.hrms.testcases.addUserTest"/>
  <testcase name="addUser_TC001" time="8.684" classname="com.caci.hrms.testcases.addUserTest"/>
  <testcase name="addUser_TC001" time="8.977" classname="com.caci.hrms.testcases.addUserTest"/>
  <testcase name="addUser_TC001" time="9.453" classname="com.caci.hrms.testcases.addUserTest"/>
  <testcase name="addUser_TC001" time="9.074" classname="com.caci.hrms.testcases.addUserTest"/>
</testsuite> <!-- Default test -->
