<?xml version="1.0" encoding="UTF-8"?>
<!-- Generated by org.testng.reporters.JUnitXMLReporter -->
<testsuite hostname="DESKTOP-EHOSC66" name="Test" tests="4" failures="4" timestamp="3 Oct 2020 03:09:52 GMT" time="0.075" errors="0">
  <testcase name="InvalidUserID_TC002" time="0.015" classname="com.caci.hrms.testcases.LoginTest">
    <failure type="java.lang.NullPointerException">
      <![CDATA[java.lang.NullPointerException
	at com.caci.hrms.testcases.LoginTest.InvalidUserID_TC002(LoginTest.java:53)
... Removed 24 stack frames]]>
    </failure>
  </testcase> <!-- InvalidUserID_TC002 -->
  <testcase name="logoinPageTitle_TC001" time="0.002" classname="com.caci.hrms.testcases.LoginTest">
    <failure type="java.lang.NullPointerException">
      <![CDATA[java.lang.NullPointerException
	at com.caci.hrms.testcases.LoginTest.logoinPageTitle_TC001(LoginTest.java:26)
... Removed 24 stack frames]]>
    </failure>
  </testcase> <!-- logoinPageTitle_TC001 -->
  <testcase name="NoFieldValue_TC003" time="0.004" classname="com.caci.hrms.testcases.LoginTest">
    <failure type="java.lang.NullPointerException">
      <![CDATA[java.lang.NullPointerException
	at com.caci.hrms.testcases.LoginTest.NoFieldValue_TC003(LoginTest.java:68)
... Removed 24 stack frames]]>
    </failure>
  </testcase> <!-- NoFieldValue_TC003 -->
  <testcase name="InvalidPassword_TC004" time="0.004" classname="com.caci.hrms.testcases.LoginTest">
    <failure type="java.lang.NullPointerException">
      <![CDATA[java.lang.NullPointerException
	at com.caci.hrms.testcases.LoginTest.InvalidPassword_TC004(LoginTest.java:87)
... Removed 24 stack frames]]>
    </failure>
  </testcase> <!-- InvalidPassword_TC004 -->
</testsuite> <!-- Test -->
